<?xml version="1.0" encoding="UTF-8"?>
<!-- Generated by org.testng.reporters.JUnitReportReporter -->
<testsuite skipped="0" hostname="LENOVO" name="com.imdb.topList.RedPandaDemoTest" tests="1" failures="0" timestamp="01 Apr 2018 22:20:40 GMT" time="141.594" errors="0">
  <testcase name="testing" time="141.594" classname="com.imdb.topList.RedPandaDemoTest"/>
</testsuite> <!-- com.imdb.topList.RedPandaDemoTest -->
